0 info it worked if it ends with ok
1 verbose cli [ 'node', '/usr/local/bin/npm', 'install' ]
2 info using npm@3.3.5
3 info using node@v0.12.7
4 silly loadCurrentTree Starting
5 silly install loadCurrentTree
6 silly install readLocalPackageData
7 silly install normalizeTree
8 silly loadCurrentTree Finishing
9 silly loadIdealTree Starting
10 silly install loadIdealTree
11 silly cloneCurrentTree Starting
12 silly install cloneCurrentTreeToIdealTree
13 silly cloneCurrentTree Finishing
14 silly loadShrinkwrap Starting
15 silly install loadShrinkwrap
16 silly loadShrinkwrap Finishing
17 silly loadAllDepsIntoIdealTree Starting
18 silly install loadAllDepsIntoIdealTree
19 silly fetchOtherPackageData url@git+https://github.com/XtianB/todo.git
20 silly cache add args [ 'url@git+https://github.com/XtianB/todo.git', null ]
21 verbose cache add spec url@git+https://github.com/XtianB/todo.git
22 silly cache add parsed spec { raw: 'url@git+https://github.com/XtianB/todo.git',
22 silly cache add   scope: null,
22 silly cache add   name: 'url',
22 silly cache add   rawSpec: 'git+https://github.com/XtianB/todo.git',
22 silly cache add   spec: 'git+https://github.com/XtianB/todo.git',
22 silly cache add   type: 'hosted',
22 silly cache add   hosted:
22 silly cache add    { type: 'github',
22 silly cache add      ssh: 'git@github.com:XtianB/todo.git',
22 silly cache add      sshUrl: 'git+ssh://git@github.com/XtianB/todo.git',
22 silly cache add      httpsUrl: 'git+https://github.com/XtianB/todo.git',
22 silly cache add      gitUrl: 'git://github.com/XtianB/todo.git',
22 silly cache add      shortcut: 'github:XtianB/todo',
22 silly cache add      directUrl: 'https://raw.githubusercontent.com/XtianB/todo/master/package.json' } }
23 verbose addRemoteGit caching git+https://github.com/XtianB/todo.git
24 verbose addRemoteGit git+https://github.com/XtianB/todo.git is a repository hosted by github
25 silly tryClone cloning git+https://github.com/XtianB/todo.git via git+https://github.com/XtianB/todo.git
26 verbose tryClone git-https-github-com-XtianB-todo-git-d403003dd49525984d1a301aac1592d6 not in flight; caching
27 verbose makeDirectory /Users/christianbryantmusic/.npm/_git-remotes creation not in flight; initializing
28 silly makeDirectory /Users/christianbryantmusic/.npm/_git-remotes uid: 501 gid: 80
29 info git [ 'clone',
29 info git   '--template=/Users/christianbryantmusic/.npm/_git-remotes/_templates',
29 info git   '--mirror',
29 info git   'https://github.com/XtianB/todo.git',
29 info git   '/Users/christianbryantmusic/.npm/_git-remotes/git-https-github-com-XtianB-todo-git-d403003dd49525984d1a301aac1592d6' ]
30 verbose mirrorRemote git+https://github.com/XtianB/todo.git git clone https://github.com/XtianB/todo.git
31 verbose setPermissions git+https://github.com/XtianB/todo.git set permissions on /Users/christianbryantmusic/.npm/_git-remotes/git-https-github-com-XtianB-todo-git-d403003dd49525984d1a301aac1592d6
32 verbose resolveHead git+https://github.com/XtianB/todo.git original treeish: master
33 info git [ 'rev-list', '-n1', 'master' ]
34 error git rev-list -n1 master: fatal: ambiguous argument 'master': unknown revision or path not in the working tree.
34 error git rev-list -n1 master: Use '--' to separate paths from revisions, like this:
34 error git rev-list -n1 master: 'git <command> [<revision>...] -- [<file>...]'
35 silly fetchPackageMetaData Error: Command failed: git rev-list -n1 master
35 silly fetchPackageMetaData fatal: ambiguous argument 'master': unknown revision or path not in the working tree.
35 silly fetchPackageMetaData Use '--' to separate paths from revisions, like this:
35 silly fetchPackageMetaData 'git <command> [<revision>...] -- [<file>...]'
35 silly fetchPackageMetaData
35 silly fetchPackageMetaData     at ChildProcess.exithandler (child_process.js:751:12)
35 silly fetchPackageMetaData     at ChildProcess.emit (events.js:110:17)
35 silly fetchPackageMetaData     at maybeClose (child_process.js:1015:16)
35 silly fetchPackageMetaData     at Socket.<anonymous> (child_process.js:1183:11)
35 silly fetchPackageMetaData     at Socket.emit (events.js:107:17)
35 silly fetchPackageMetaData     at Pipe.close (net.js:485:12)
35 silly fetchPackageMetaData  error for url@git+https://github.com/XtianB/todo.git { [Error: Command failed: git rev-list -n1 master
35 silly fetchPackageMetaData fatal: ambiguous argument 'master': unknown revision or path not in the working tree.
35 silly fetchPackageMetaData Use '--' to separate paths from revisions, like this:
35 silly fetchPackageMetaData 'git <command> [<revision>...] -- [<file>...]'
35 silly fetchPackageMetaData ]
35 silly fetchPackageMetaData   killed: false,
35 silly fetchPackageMetaData   code: 128,
35 silly fetchPackageMetaData   signal: null,
35 silly fetchPackageMetaData   cmd: 'git rev-list -n1 master' }
36 silly rollbackFailedOptional Starting
37 silly rollbackFailedOptional Finishing
38 silly runTopLevelLifecycles Starting
39 silly runTopLevelLifecycles Finishing
40 silly install printInstalled
41 verbose stack Error: Command failed: git rev-list -n1 master
41 verbose stack fatal: ambiguous argument 'master': unknown revision or path not in the working tree.
41 verbose stack Use '--' to separate paths from revisions, like this:
41 verbose stack 'git <command> [<revision>...] -- [<file>...]'
41 verbose stack
41 verbose stack     at ChildProcess.exithandler (child_process.js:751:12)
41 verbose stack     at ChildProcess.emit (events.js:110:17)
41 verbose stack     at maybeClose (child_process.js:1015:16)
41 verbose stack     at Socket.<anonymous> (child_process.js:1183:11)
41 verbose stack     at Socket.emit (events.js:107:17)
41 verbose stack     at Pipe.close (net.js:485:12)
42 verbose cwd /Users/christianbryantmusic/Mean/ToDo
43 error Darwin 14.5.0
44 error argv "node" "/usr/local/bin/npm" "install"
45 error node v0.12.7
46 error npm  v3.3.5
47 error code 128
48 error Command failed: git rev-list -n1 master
48 error fatal: ambiguous argument 'master': unknown revision or path not in the working tree.
48 error Use '--' to separate paths from revisions, like this:
48 error 'git <command> [<revision>...] -- [<file>...]'
49 error If you need help, you may report this error at:
49 error     <https://github.com/npm/npm/issues>
50 verbose exit [ 1, true ]
